[31-Jan-2026 03:29:33 UTC] Database::connect - Connection successful to sisslgti
[31-Jan-2026 03:29:38 UTC] Database::connect - Connection successful to sisslgti
[31-Jan-2026 03:29:38 UTC] Database::connect - Connection successful to sisslgti
[31-Jan-2026 03:33:06 UTC] Database::connect - Connection successful to sisslgti
[31-Jan-2026 03:33:26 UTC] Database::connect - Connection successful to sisslgti
[31-Jan-2026 03:33:29 UTC] Database::connect - Connection successful to sisslgti
[31-Jan-2026 03:33:32 UTC] Database::connect - Connection successful to sisslgti
[31-Jan-2026 03:33:41 UTC] Database::connect - Connection successful to sisslgti
[31-Jan-2026 03:33:42 UTC] Database::connect - Connection successful to sisslgti
[31-Jan-2026 03:38:44 UTC] Database::connect - Connection successful to sisslgti
[31-Jan-2026 03:38:48 UTC] Database::connect - Connection successful to sisslgti
[31-Jan-2026 03:38:54 UTC] Database::connect - Connection successful to sisslgti
[31-Jan-2026 03:38:54 UTC] Database::connect - Connection successful to sisslgti
[31-Jan-2026 03:39:22 UTC] Database::connect - Connection successful to sisslgti
[31-Jan-2026 03:39:28 UTC] Database::connect - Connection successful to sisslgti
[31-Jan-2026 03:39:29 UTC] Database::connect - Connection successful to sisslgti
[31-Jan-2026 03:39:37 UTC] Database::connect - Connection successful to sisslgti
[31-Jan-2026 03:39:39 UTC] Database::connect - Connection successful to sisslgti
[31-Jan-2026 03:39:44 UTC] Database::connect - Connection successful to sisslgti
[31-Jan-2026 03:40:15 UTC] Database::connect - Connection successful to sisslgti
[31-Jan-2026 03:40:18 UTC] Database::connect - Connection successful to sisslgti
[31-Jan-2026 03:40:18 UTC] Database::connect - Connection successful to sisslgti
[31-Jan-2026 03:40:19 UTC] Database::connect - Connection successful to sisslgti
[31-Jan-2026 03:40:23 UTC] Database::connect - Connection successful to sisslgti
[31-Jan-2026 03:40:24 UTC] Database::connect - Connection successful to sisslgti
[31-Jan-2026 03:40:34 UTC] Database::connect - Connection successful to sisslgti
[31-Jan-2026 03:40:38 UTC] Database::connect - Connection successful to sisslgti
[31-Jan-2026 03:40:40 UTC] Database::connect - Connection successful to sisslgti
[31-Jan-2026 03:42:44 UTC] Database::connect - Connection successful to sisslgti
[31-Jan-2026 03:44:43 UTC] Database::connect - Connection successful to sisslgti
[31-Jan-2026 03:45:49 UTC] Database::connect - Connection successful to sisslgti
[31-Jan-2026 03:46:00 UTC] Database::connect - Connection successful to sisslgti
[31-Jan-2026 03:46:00 UTC] Database::connect - Connection successful to sisslgti
[31-Jan-2026 03:52:13 UTC] Database::connect - Connection successful to sisslgti
[31-Jan-2026 03:52:13 UTC] Database::connect - Connection successful to sisslgti
[31-Jan-2026 03:52:14 UTC] Database::connect - Connection successful to sisslgti
[31-Jan-2026 03:52:17 UTC] Database::connect - Connection successful to sisslgti
[31-Jan-2026 03:52:17 UTC] Database::connect - Connection successful to sisslgti
[31-Jan-2026 03:52:17 UTC] Database::connect - Connection successful to sisslgti
[31-Jan-2026 03:52:21 UTC] Database::connect - Connection successful to sisslgti
[31-Jan-2026 03:52:31 UTC] Database::connect - Connection successful to sisslgti
[31-Jan-2026 03:52:34 UTC] Database::connect - Connection successful to sisslgti
[31-Jan-2026 03:55:33 UTC] Database::connect - Connection successful to sisslgti
[31-Jan-2026 03:56:01 UTC] Database::connect - Connection successful to sisslgti
[31-Jan-2026 03:57:53 UTC] Database::connect - Connection successful to sisslgti
[31-Jan-2026 04:09:07 UTC] Database::connect - Connection successful to sisslgti
[31-Jan-2026 04:12:52 UTC] Database::connect - Connection successful to sisslgti
[31-Jan-2026 04:13:33 UTC] Database::connect - Connection successful to sisslgti
[31-Jan-2026 04:13:38 UTC] Database::connect - Connection successful to sisslgti
[31-Jan-2026 04:13:38 UTC] Database::connect - Connection successful to sisslgti
[31-Jan-2026 04:13:39 UTC] Database::connect - Connection successful to sisslgti
[31-Jan-2026 04:13:42 UTC] Database::connect - Connection successful to sisslgti
[31-Jan-2026 04:13:42 UTC] Database::connect - Connection successful to sisslgti
[31-Jan-2026 04:13:45 UTC] Database::connect - Connection successful to sisslgti
[31-Jan-2026 04:13:49 UTC] Database::connect - Connection successful to sisslgti
[31-Jan-2026 04:13:51 UTC] Database::connect - Connection successful to sisslgti
[31-Jan-2026 04:13:54 UTC] Database::connect - Connection successful to sisslgti
[31-Jan-2026 04:15:25 UTC] Database::connect - Connection successful to sisslgti
[31-Jan-2026 04:17:31 UTC] Database::connect - Connection successful to sisslgti
[31-Jan-2026 04:18:23 UTC] Database::connect - Connection successful to sisslgti
[31-Jan-2026 04:19:00 UTC] Database::connect - Connection successful to sisslgti
[31-Jan-2026 04:21:17 UTC] Database::connect - Connection successful to sisslgti
[31-Jan-2026 04:21:21 UTC] Database::connect - Connection successful to sisslgti
[31-Jan-2026 04:21:21 UTC] Database::connect - Connection successful to sisslgti
[31-Jan-2026 04:21:22 UTC] Database::connect - Connection successful to sisslgti
[31-Jan-2026 04:21:23 UTC] Database::connect - Connection successful to sisslgti
[31-Jan-2026 04:21:23 UTC] Database::connect - Connection successful to sisslgti
[31-Jan-2026 04:21:26 UTC] Database::connect - Connection successful to sisslgti
[31-Jan-2026 04:21:26 UTC] Database::connect - Connection successful to sisslgti
[31-Jan-2026 04:21:27 UTC] Database::connect - Connection successful to sisslgti
[31-Jan-2026 04:21:30 UTC] Database::connect - Connection successful to sisslgti
[31-Jan-2026 04:21:30 UTC] Database::connect - Connection successful to sisslgti
[31-Jan-2026 04:21:32 UTC] Database::connect - Connection successful to sisslgti
[31-Jan-2026 04:21:37 UTC] Database::connect - Connection successful to sisslgti
[31-Jan-2026 04:21:39 UTC] Database::connect - Connection successful to sisslgti
[31-Jan-2026 04:21:42 UTC] Database::connect - Connection successful to sisslgti
[31-Jan-2026 04:28:12 UTC] Database::connect - Connection successful to sisslgti
[31-Jan-2026 04:28:21 UTC] Database::connect - Connection successful to sisslgti
[31-Jan-2026 04:28:41 UTC] Database::connect - Connection successful to sisslgti
[31-Jan-2026 05:04:37 UTC] Database::connect - Connection successful to sisslgti
[31-Jan-2026 05:04:37 UTC] Database::connect - Connection successful to sisslgti
[31-Jan-2026 05:04:40 UTC] Database::connect - Connection successful to sisslgti
[31-Jan-2026 05:04:40 UTC] Database::connect - Connection successful to sisslgti
[31-Jan-2026 05:04:43 UTC] Database::connect - Connection successful to sisslgti
[31-Jan-2026 05:04:50 UTC] Database::connect - Connection successful to sisslgti
[31-Jan-2026 05:04:52 UTC] Database::connect - Connection successful to sisslgti
[31-Jan-2026 05:04:59 UTC] Database::connect - Connection successful to sisslgti
[31-Jan-2026 05:05:09 UTC] Database::connect - Connection successful to sisslgti
[31-Jan-2026 05:05:20 UTC] Database::connect - Connection successful to sisslgti
[31-Jan-2026 05:05:21 UTC] Database::connect - Connection successful to sisslgti
[31-Jan-2026 05:05:21 UTC] Database::connect - Connection successful to sisslgti
[31-Jan-2026 05:05:24 UTC] Database::connect - Connection successful to sisslgti
[31-Jan-2026 05:05:31 UTC] Database::connect - Connection successful to sisslgti
[31-Jan-2026 05:05:42 UTC] Database::connect - Connection successful to sisslgti
[31-Jan-2026 05:05:43 UTC] Database::connect - Connection successful to sisslgti
[31-Jan-2026 05:05:48 UTC] Database::connect - Connection successful to sisslgti
[31-Jan-2026 05:05:56 UTC] Database::connect - Connection successful to sisslgti
[31-Jan-2026 05:06:37 UTC] Database::connect - Connection successful to sisslgti
[31-Jan-2026 05:20:42 UTC] Database::connect - Connection successful to sisslgti
[31-Jan-2026 05:20:48 UTC] Database::connect - Connection successful to sisslgti
[31-Jan-2026 05:20:52 UTC] Database::connect - Connection successful to sisslgti
[31-Jan-2026 05:21:11 UTC] Database::connect - Connection successful to sisslgti
[31-Jan-2026 05:21:16 UTC] Database::connect - Connection successful to sisslgti
[31-Jan-2026 05:21:27 UTC] Database::connect - Connection successful to sisslgti
[31-Jan-2026 05:21:31 UTC] Database::connect - Connection successful to sisslgti
[31-Jan-2026 05:21:38 UTC] Database::connect - Connection successful to sisslgti
[31-Jan-2026 05:22:48 UTC] Database::connect - Connection successful to sisslgti
[31-Jan-2026 05:22:56 UTC] Database::connect - Connection successful to sisslgti
[31-Jan-2026 05:22:59 UTC] Database::connect - Connection successful to sisslgti
[31-Jan-2026 05:23:13 UTC] Database::connect - Connection successful to sisslgti
[31-Jan-2026 05:23:20 UTC] Database::connect - Connection successful to sisslgti
[31-Jan-2026 05:23:21 UTC] Database::connect - Connection successful to sisslgti
[31-Jan-2026 05:23:21 UTC] Database::connect - Connection successful to sisslgti
[31-Jan-2026 05:45:57 UTC] Database::connect - Connection successful to sisslgti
[31-Jan-2026 05:45:58 UTC] Database::connect - Connection successful to sisslgti
[31-Jan-2026 05:46:01 UTC] Database::connect - Connection successful to sisslgti
[31-Jan-2026 05:46:01 UTC] Database::connect - Connection successful to sisslgti
[31-Jan-2026 05:46:02 UTC] Database::connect - Connection successful to sisslgti
[31-Jan-2026 05:46:02 UTC] Database::connect - Connection successful to sisslgti
[31-Jan-2026 05:46:02 UTC] Database::connect - Connection successful to sisslgti
[31-Jan-2026 05:46:12 UTC] Database::connect - Connection successful to sisslgti
[31-Jan-2026 05:46:12 UTC] BusSeasonRequestModel::create - SQL: INSERT INTO `season_requests` 
                    (`student_id`, `department_id`, `season_year`, `season_name`, 
                     `route_from`, `route_to`, `change_point`, `distance_km`, `status`, `notes`) 
                    VALUES (?, ?, ?, ?, ?, ?, ?, ?, 'pending', ?)
[31-Jan-2026 05:46:12 UTC] BusSeasonRequestModel::create - Data: {"student_id":"2022\/EET\/4EL02","department_id":"EET","season_year":"2026","season_name":"","route_from":"point pedro","route_to":"slgti","change_point":"","distance_km":0,"notes":"Created by SAO"}
[31-Jan-2026 05:46:12 UTC] BusSeasonRequestModel::create - Success. Insert ID: 5
[31-Jan-2026 05:46:12 UTC] Database::connect - Connection successful to sisslgti
[31-Jan-2026 05:59:25 UTC] Database::connect - Connection successful to sisslgti
[31-Jan-2026 05:59:39 UTC] Database::connect - Connection successful to sisslgti
[31-Jan-2026 05:59:42 UTC] Database::connect - Connection successful to sisslgti
[31-Jan-2026 05:59:47 UTC] Database::connect - Connection successful to sisslgti
[31-Jan-2026 05:59:50 UTC] Database::connect - Connection successful to sisslgti
[31-Jan-2026 05:59:53 UTC] Database::connect - Connection successful to sisslgti
[31-Jan-2026 05:59:56 UTC] Database::connect - Connection successful to sisslgti
[31-Jan-2026 06:00:00 UTC] Database::connect - Connection successful to sisslgti
[31-Jan-2026 06:00:05 UTC] Database::connect - Connection successful to sisslgti
[31-Jan-2026 06:00:08 UTC] Database::connect - Connection successful to sisslgti
[31-Jan-2026 06:00:23 UTC] Database::connect - Connection successful to sisslgti
[31-Jan-2026 06:30:28 UTC] Database::connect - Connection successful to sisslgti
